
[***]PREVENTED THREAT TYPE: JSON string invalid, broken structure[***]
Method: POST
ReqTime: 02.05.2015-[22:06:35] 
QueryString: 
Connection: keep-alive
Host: www.localhost.local
Referer: http://www.localhost.local/index.html
UserAgent: Mozilla/5.0 (Windows NT 6.3; WOW64; rv:37.0) Gecko/20100101 Firefox/37.0
RemoteAddress: 192.168.0.12
RequestedURI: /cgi-bin/login.cgi
Potential user in danger: 
Potential user Sess ID: 
*****MALICIOUS PAYLOAD******
{"username":"/WEB-INF\\web.xml","password":"ivo"}
********************************************************************


[***]PREVENTED THREAT TYPE: MALICIOUS-bad paramater value(s)[***]
Method: POST
ReqTime: 02.05.2015-[22:06:35] 
QueryString: 
Connection: keep-alive
Host: www.localhost.local
Referer: http://www.localhost.local/index.html
UserAgent: Mozilla/5.0 (Windows NT 6.3; WOW64; rv:37.0) Gecko/20100101 Firefox/37.0
RemoteAddress: 192.168.0.12
RequestedURI: /cgi-bin/login.cgi
Potential user in danger: 
Potential user Sess ID: 
*****MALICIOUS PAYLOAD******
/etc/passwd
********************************************************************


[***]PREVENTED THREAT TYPE: JSON string invalid, broken structure[***]
Method: POST
ReqTime: 02.05.2015-[22:06:35] 
QueryString: 
Connection: keep-alive
Host: www.localhost.local
Referer: http://www.localhost.local/index.html
UserAgent: Mozilla/5.0 (Windows NT 6.3; WOW64; rv:37.0) Gecko/20100101 Firefox/37.0
RemoteAddress: 192.168.0.12
RequestedURI: /cgi-bin/login.cgi
Potential user in danger: 
Potential user Sess ID: 
*****MALICIOUS PAYLOAD******
{"username":"/Windows\\system.ini","password":"ivo"}
********************************************************************


[***]PREVENTED THREAT TYPE: JSON string invalid, broken structure[***]
Method: POST
ReqTime: 02.05.2015-[22:06:35] 
QueryString: 
Connection: keep-alive
Host: www.localhost.local
Referer: http://www.localhost.local/index.html
UserAgent: Mozilla/5.0 (Windows NT 6.3; WOW64; rv:37.0) Gecko/20100101 Firefox/37.0
RemoteAddress: 192.168.0.12
RequestedURI: /cgi-bin/login.cgi
Potential user in danger: 
Potential user Sess ID: 
*****MALICIOUS PAYLOAD******
{"username":"\\WEB-INF\\web.xml","password":"ivo"}
********************************************************************


[***]PREVENTED THREAT TYPE: JSON string invalid, broken structure[***]
Method: POST
ReqTime: 02.05.2015-[22:06:35] 
QueryString: 
Connection: keep-alive
Host: www.localhost.local
Referer: http://www.localhost.local/index.html
UserAgent: Mozilla/5.0 (Windows NT 6.3; WOW64; rv:37.0) Gecko/20100101 Firefox/37.0
RemoteAddress: 192.168.0.12
RequestedURI: /cgi-bin/login.cgi
Potential user in danger: 
Potential user Sess ID: 
*****MALICIOUS PAYLOAD******
{"username":"\\etc/passwd","password":"ivo"}
********************************************************************


[***]PREVENTED THREAT TYPE: JSON string invalid, broken structure[***]
Method: POST
ReqTime: 02.05.2015-[22:06:36] 
QueryString: 
Connection: keep-alive
Host: www.localhost.local
Referer: http://www.localhost.local/index.html
UserAgent: Mozilla/5.0 (Windows NT 6.3; WOW64; rv:37.0) Gecko/20100101 Firefox/37.0
RemoteAddress: 192.168.0.12
RequestedURI: /cgi-bin/login.cgi
Potential user in danger: 
Potential user Sess ID: 
*****MALICIOUS PAYLOAD******
{"username":"\\Windows\\system.ini","password":"ivo"}
********************************************************************


[***]PREVENTED THREAT TYPE: JSON string invalid, broken structure[***]
Method: POST
ReqTime: 02.05.2015-[22:06:36] 
QueryString: 
Connection: keep-alive
Host: www.localhost.local
Referer: http://www.localhost.local/index.html
UserAgent: Mozilla/5.0 (Windows NT 6.3; WOW64; rv:37.0) Gecko/20100101 Firefox/37.0
RemoteAddress: 192.168.0.12
RequestedURI: /cgi-bin/login.cgi
Potential user in danger: 
Potential user Sess ID: 
*****MALICIOUS PAYLOAD******
{"username":"c:\\WEB-INF\\web.xml","password":"ivo"}
********************************************************************


[***]PREVENTED THREAT TYPE: JSON string invalid, broken structure[***]
Method: POST
ReqTime: 02.05.2015-[22:06:36] 
QueryString: 
Connection: keep-alive
Host: www.localhost.local
Referer: http://www.localhost.local/index.html
UserAgent: Mozilla/5.0 (Windows NT 6.3; WOW64; rv:37.0) Gecko/20100101 Firefox/37.0
RemoteAddress: 192.168.0.12
RequestedURI: /cgi-bin/login.cgi
Potential user in danger: 
Potential user Sess ID: 
*****MALICIOUS PAYLOAD******
{"username":"c:\\etc/passwd","password":"ivo"}
********************************************************************


[***]PREVENTED THREAT TYPE: JSON string invalid, broken structure[***]
Method: POST
ReqTime: 02.05.2015-[22:06:36] 
QueryString: 
Connection: keep-alive
Host: www.localhost.local
Referer: http://www.localhost.local/index.html
UserAgent: Mozilla/5.0 (Windows NT 6.3; WOW64; rv:37.0) Gecko/20100101 Firefox/37.0
RemoteAddress: 192.168.0.12
RequestedURI: /cgi-bin/login.cgi
Potential user in danger: 
Potential user Sess ID: 
*****MALICIOUS PAYLOAD******
{"username":"c:\\Windows\\system.ini","password":"ivo"}
********************************************************************


[***]PREVENTED THREAT TYPE: JSON string invalid, broken structure[***]
Method: POST
ReqTime: 02.05.2015-[22:06:36] 
QueryString: 
Connection: keep-alive
Host: www.localhost.local
Referer: http://www.localhost.local/index.html
UserAgent: Mozilla/5.0 (Windows NT 6.3; WOW64; rv:37.0) Gecko/20100101 Firefox/37.0
RemoteAddress: 192.168.0.12
RequestedURI: /cgi-bin/login.cgi
Potential user in danger: 
Potential user Sess ID: 
*****MALICIOUS PAYLOAD******
{"username":"c:/WEB-INF\\web.xml","password":"ivo"}
********************************************************************


[***]PREVENTED THREAT TYPE: MALICIOUS-bad paramater value(s)[***]
Method: POST
ReqTime: 02.05.2015-[22:06:36] 
QueryString: 
Connection: keep-alive
Host: www.localhost.local
Referer: http://www.localhost.local/index.html
UserAgent: Mozilla/5.0 (Windows NT 6.3; WOW64; rv:37.0) Gecko/20100101 Firefox/37.0
RemoteAddress: 192.168.0.12
RequestedURI: /cgi-bin/login.cgi
Potential user in danger: 
Potential user Sess ID: 
*****MALICIOUS PAYLOAD******
c:/etc/passwd
********************************************************************


[***]PREVENTED THREAT TYPE: JSON string invalid, broken structure[***]
Method: POST
ReqTime: 02.05.2015-[22:06:36] 
QueryString: 
Connection: keep-alive
Host: www.localhost.local
Referer: http://www.localhost.local/index.html
UserAgent: Mozilla/5.0 (Windows NT 6.3; WOW64; rv:37.0) Gecko/20100101 Firefox/37.0
RemoteAddress: 192.168.0.12
RequestedURI: /cgi-bin/login.cgi
Potential user in danger: 
Potential user Sess ID: 
*****MALICIOUS PAYLOAD******
{"username":"c:/Windows\\system.ini","password":"ivo"}
********************************************************************


[***]PREVENTED THREAT TYPE: MALICIOUS-bad paramater value(s)[***]
Method: POST
ReqTime: 02.05.2015-[22:06:36] 
QueryString: 
Connection: keep-alive
Host: www.localhost.local
Referer: http://www.localhost.local/index.html
UserAgent: Mozilla/5.0 (Windows NT 6.3; WOW64; rv:37.0) Gecko/20100101 Firefox/37.0
RemoteAddress: 192.168.0.12
RequestedURI: /cgi-bin/login.cgi
Potential user in danger: 
Potential user Sess ID: 
*****MALICIOUS PAYLOAD******
/../../../../../../../../../../../../../../../../../WEB-INF\web.xml
********************************************************************


[***]PREVENTED THREAT TYPE: MALICIOUS-bad paramater value(s)[***]
Method: POST
ReqTime: 02.05.2015-[22:06:36] 
QueryString: 
Connection: keep-alive
Host: www.localhost.local
Referer: http://www.localhost.local/index.html
UserAgent: Mozilla/5.0 (Windows NT 6.3; WOW64; rv:37.0) Gecko/20100101 Firefox/37.0
RemoteAddress: 192.168.0.12
RequestedURI: /cgi-bin/login.cgi
Potential user in danger: 
Potential user Sess ID: 
*****MALICIOUS PAYLOAD******
/../../../../../../../../../../../../../../../../../etc/passwd
********************************************************************


[***]PREVENTED THREAT TYPE: MALICIOUS-bad paramater value(s)[***]
Method: POST
ReqTime: 02.05.2015-[22:06:36] 
QueryString: 
Connection: keep-alive
Host: www.localhost.local
Referer: http://www.localhost.local/index.html
UserAgent: Mozilla/5.0 (Windows NT 6.3; WOW64; rv:37.0) Gecko/20100101 Firefox/37.0
RemoteAddress: 192.168.0.12
RequestedURI: /cgi-bin/login.cgi
Potential user in danger: 
Potential user Sess ID: 
*****MALICIOUS PAYLOAD******
/../../../../../../../../../../../../../../../../../Windows\system.ini
********************************************************************


[***]PREVENTED THREAT TYPE: JSON string invalid, broken structure[***]
Method: POST
ReqTime: 02.05.2015-[22:06:36] 
QueryString: 
Connection: keep-alive
Host: www.localhost.local
Referer: http://www.localhost.local/index.html
UserAgent: Mozilla/5.0 (Windows NT 6.3; WOW64; rv:37.0) Gecko/20100101 Firefox/37.0
RemoteAddress: 192.168.0.12
RequestedURI: /cgi-bin/login.cgi
Potential user in danger: 
Potential user Sess ID: 
*****MALICIOUS PAYLOAD******
{"username":"\\..\\..\\..\\..\\..\\..\\..\\..\\..\\..\\..\\..\\..\\..\\..\\..\\..\\WEB-INF\\web.xml","password":"ivo"}
********************************************************************


[***]PREVENTED THREAT TYPE: JSON string invalid, broken structure[***]
Method: POST
ReqTime: 02.05.2015-[22:06:36] 
QueryString: 
Connection: keep-alive
Host: www.localhost.local
Referer: http://www.localhost.local/index.html
UserAgent: Mozilla/5.0 (Windows NT 6.3; WOW64; rv:37.0) Gecko/20100101 Firefox/37.0
RemoteAddress: 192.168.0.12
RequestedURI: /cgi-bin/login.cgi
Potential user in danger: 
Potential user Sess ID: 
*****MALICIOUS PAYLOAD******
{"username":"\\..\\..\\..\\..\\..\\..\\..\\..\\..\\..\\..\\..\\..\\..\\..\\..\\..\\etc/passwd","password":"ivo"}
********************************************************************


[***]PREVENTED THREAT TYPE: JSON string invalid, broken structure[***]
Method: POST
ReqTime: 02.05.2015-[22:06:37] 
QueryString: 
Connection: keep-alive
Host: www.localhost.local
Referer: http://www.localhost.local/index.html
UserAgent: Mozilla/5.0 (Windows NT 6.3; WOW64; rv:37.0) Gecko/20100101 Firefox/37.0
RemoteAddress: 192.168.0.12
RequestedURI: /cgi-bin/login.cgi
Potential user in danger: 
Potential user Sess ID: 
*****MALICIOUS PAYLOAD******
{"username":"\\..\\..\\..\\..\\..\\..\\..\\..\\..\\..\\..\\..\\..\\..\\..\\..\\..\\Windows\\system.ini","password":"ivo"}
********************************************************************


[***]PREVENTED THREAT TYPE: MALICIOUS-bad paramater value(s)[***]
Method: POST
ReqTime: 02.05.2015-[22:06:37] 
QueryString: 
Connection: keep-alive
Host: www.localhost.local
Referer: http://www.localhost.local/index.html
UserAgent: Mozilla/5.0 (Windows NT 6.3; WOW64; rv:37.0) Gecko/20100101 Firefox/37.0
RemoteAddress: 192.168.0.12
RequestedURI: /cgi-bin/login.cgi
Potential user in danger: 
Potential user Sess ID: 
*****MALICIOUS PAYLOAD******
../../../../../../../../../../../../../../../../WEB-INF\web.xml
********************************************************************


[***]PREVENTED THREAT TYPE: MALICIOUS-bad paramater value(s)[***]
Method: POST
ReqTime: 02.05.2015-[22:06:37] 
QueryString: 
Connection: keep-alive
Host: www.localhost.local
Referer: http://www.localhost.local/index.html
UserAgent: Mozilla/5.0 (Windows NT 6.3; WOW64; rv:37.0) Gecko/20100101 Firefox/37.0
RemoteAddress: 192.168.0.12
RequestedURI: /cgi-bin/login.cgi
Potential user in danger: 
Potential user Sess ID: 
*****MALICIOUS PAYLOAD******
../../../../../../../../../../../../../../../../etc/passwd
********************************************************************


[***]PREVENTED THREAT TYPE: MALICIOUS-bad paramater value(s)[***]
Method: POST
ReqTime: 02.05.2015-[22:06:37] 
QueryString: 
Connection: keep-alive
Host: www.localhost.local
Referer: http://www.localhost.local/index.html
UserAgent: Mozilla/5.0 (Windows NT 6.3; WOW64; rv:37.0) Gecko/20100101 Firefox/37.0
RemoteAddress: 192.168.0.12
RequestedURI: /cgi-bin/login.cgi
Potential user in danger: 
Potential user Sess ID: 
*****MALICIOUS PAYLOAD******
../../../../../../../../../../../../../../../../Windows\system.ini
********************************************************************


[***]PREVENTED THREAT TYPE: JSON string invalid, broken structure[***]
Method: POST
ReqTime: 02.05.2015-[22:06:37] 
QueryString: 
Connection: keep-alive
Host: www.localhost.local
Referer: http://www.localhost.local/index.html
UserAgent: Mozilla/5.0 (Windows NT 6.3; WOW64; rv:37.0) Gecko/20100101 Firefox/37.0
RemoteAddress: 192.168.0.12
RequestedURI: /cgi-bin/login.cgi
Potential user in danger: 
Potential user Sess ID: 
*****MALICIOUS PAYLOAD******
{"username":"..\\..\\..\\..\\..\\..\\..\\..\\..\\..\\..\\..\\..\\..\\..\\..\\WEB-INF\\web.xml","password":"ivo"}
********************************************************************


[***]PREVENTED THREAT TYPE: JSON string invalid, broken structure[***]
Method: POST
ReqTime: 02.05.2015-[22:06:37] 
QueryString: 
Connection: keep-alive
Host: www.localhost.local
Referer: http://www.localhost.local/index.html
UserAgent: Mozilla/5.0 (Windows NT 6.3; WOW64; rv:37.0) Gecko/20100101 Firefox/37.0
RemoteAddress: 192.168.0.12
RequestedURI: /cgi-bin/login.cgi
Potential user in danger: 
Potential user Sess ID: 
*****MALICIOUS PAYLOAD******
{"username":"..\\..\\..\\..\\..\\..\\..\\..\\..\\..\\..\\..\\..\\..\\..\\..\\etc/passwd","password":"ivo"}
********************************************************************


[***]PREVENTED THREAT TYPE: JSON string invalid, broken structure[***]
Method: POST
ReqTime: 02.05.2015-[22:06:37] 
QueryString: 
Connection: keep-alive
Host: www.localhost.local
Referer: http://www.localhost.local/index.html
UserAgent: Mozilla/5.0 (Windows NT 6.3; WOW64; rv:37.0) Gecko/20100101 Firefox/37.0
RemoteAddress: 192.168.0.12
RequestedURI: /cgi-bin/login.cgi
Potential user in danger: 
Potential user Sess ID: 
*****MALICIOUS PAYLOAD******
{"username":"..\\..\\..\\..\\..\\..\\..\\..\\..\\..\\..\\..\\..\\..\\..\\..\\Windows\\system.ini","password":"ivo"}
********************************************************************


[***]PREVENTED THREAT TYPE: JSON string invalid, broken structure[***]
Method: POST
ReqTime: 02.05.2015-[22:06:37] 
QueryString: 
Connection: keep-alive
Host: www.localhost.local
Referer: http://www.localhost.local/index.html
UserAgent: Mozilla/5.0 (Windows NT 6.3; WOW64; rv:37.0) Gecko/20100101 Firefox/37.0
RemoteAddress: 192.168.0.12
RequestedURI: /cgi-bin/login.cgi
Potential user in danger: 
Potential user Sess ID: 
*****MALICIOUS PAYLOAD******
{"username":"ivo","password":"/WEB-INF\\web.xml"}
********************************************************************


[***]PREVENTED THREAT TYPE: MALICIOUS-bad paramater value(s)[***]
Method: POST
ReqTime: 02.05.2015-[22:06:37] 
QueryString: 
Connection: keep-alive
Host: www.localhost.local
Referer: http://www.localhost.local/index.html
UserAgent: Mozilla/5.0 (Windows NT 6.3; WOW64; rv:37.0) Gecko/20100101 Firefox/37.0
RemoteAddress: 192.168.0.12
RequestedURI: /cgi-bin/login.cgi
Potential user in danger: 
Potential user Sess ID: 
*****MALICIOUS PAYLOAD******
/etc/passwd
********************************************************************


[***]PREVENTED THREAT TYPE: JSON string invalid, broken structure[***]
Method: POST
ReqTime: 02.05.2015-[22:06:37] 
QueryString: 
Connection: keep-alive
Host: www.localhost.local
Referer: http://www.localhost.local/index.html
UserAgent: Mozilla/5.0 (Windows NT 6.3; WOW64; rv:37.0) Gecko/20100101 Firefox/37.0
RemoteAddress: 192.168.0.12
RequestedURI: /cgi-bin/login.cgi
Potential user in danger: 
Potential user Sess ID: 
*****MALICIOUS PAYLOAD******
{"username":"ivo","password":"/Windows\\system.ini"}
********************************************************************


[***]PREVENTED THREAT TYPE: JSON string invalid, broken structure[***]
Method: POST
ReqTime: 02.05.2015-[22:06:37] 
QueryString: 
Connection: keep-alive
Host: www.localhost.local
Referer: http://www.localhost.local/index.html
UserAgent: Mozilla/5.0 (Windows NT 6.3; WOW64; rv:37.0) Gecko/20100101 Firefox/37.0
RemoteAddress: 192.168.0.12
RequestedURI: /cgi-bin/login.cgi
Potential user in danger: 
Potential user Sess ID: 
*****MALICIOUS PAYLOAD******
{"username":"ivo","password":"\\WEB-INF\\web.xml"}
********************************************************************


[***]PREVENTED THREAT TYPE: JSON string invalid, broken structure[***]
Method: POST
ReqTime: 02.05.2015-[22:06:38] 
QueryString: 
Connection: keep-alive
Host: www.localhost.local
Referer: http://www.localhost.local/index.html
UserAgent: Mozilla/5.0 (Windows NT 6.3; WOW64; rv:37.0) Gecko/20100101 Firefox/37.0
RemoteAddress: 192.168.0.12
RequestedURI: /cgi-bin/login.cgi
Potential user in danger: 
Potential user Sess ID: 
*****MALICIOUS PAYLOAD******
{"username":"ivo","password":"\\etc/passwd"}
********************************************************************


[***]PREVENTED THREAT TYPE: JSON string invalid, broken structure[***]
Method: POST
ReqTime: 02.05.2015-[22:06:38] 
QueryString: 
Connection: keep-alive
Host: www.localhost.local
Referer: http://www.localhost.local/index.html
UserAgent: Mozilla/5.0 (Windows NT 6.3; WOW64; rv:37.0) Gecko/20100101 Firefox/37.0
RemoteAddress: 192.168.0.12
RequestedURI: /cgi-bin/login.cgi
Potential user in danger: 
Potential user Sess ID: 
*****MALICIOUS PAYLOAD******
{"username":"ivo","password":"\\Windows\\system.ini"}
********************************************************************


[***]PREVENTED THREAT TYPE: JSON string invalid, broken structure[***]
Method: POST
ReqTime: 02.05.2015-[22:06:38] 
QueryString: 
Connection: keep-alive
Host: www.localhost.local
Referer: http://www.localhost.local/index.html
UserAgent: Mozilla/5.0 (Windows NT 6.3; WOW64; rv:37.0) Gecko/20100101 Firefox/37.0
RemoteAddress: 192.168.0.12
RequestedURI: /cgi-bin/login.cgi
Potential user in danger: 
Potential user Sess ID: 
*****MALICIOUS PAYLOAD******
{"username":"ivo","password":"c:\\WEB-INF\\web.xml"}
********************************************************************


[***]PREVENTED THREAT TYPE: JSON string invalid, broken structure[***]
Method: POST
ReqTime: 02.05.2015-[22:06:38] 
QueryString: 
Connection: keep-alive
Host: www.localhost.local
Referer: http://www.localhost.local/index.html
UserAgent: Mozilla/5.0 (Windows NT 6.3; WOW64; rv:37.0) Gecko/20100101 Firefox/37.0
RemoteAddress: 192.168.0.12
RequestedURI: /cgi-bin/login.cgi
Potential user in danger: 
Potential user Sess ID: 
*****MALICIOUS PAYLOAD******
{"username":"ivo","password":"c:\\etc/passwd"}
********************************************************************


[***]PREVENTED THREAT TYPE: JSON string invalid, broken structure[***]
Method: POST
ReqTime: 02.05.2015-[22:06:38] 
QueryString: 
Connection: keep-alive
Host: www.localhost.local
Referer: http://www.localhost.local/index.html
UserAgent: Mozilla/5.0 (Windows NT 6.3; WOW64; rv:37.0) Gecko/20100101 Firefox/37.0
RemoteAddress: 192.168.0.12
RequestedURI: /cgi-bin/login.cgi
Potential user in danger: 
Potential user Sess ID: 
*****MALICIOUS PAYLOAD******
{"username":"ivo","password":"c:\\Windows\\system.ini"}
********************************************************************


[***]PREVENTED THREAT TYPE: JSON string invalid, broken structure[***]
Method: POST
ReqTime: 02.05.2015-[22:06:38] 
QueryString: 
Connection: keep-alive
Host: www.localhost.local
Referer: http://www.localhost.local/index.html
UserAgent: Mozilla/5.0 (Windows NT 6.3; WOW64; rv:37.0) Gecko/20100101 Firefox/37.0
RemoteAddress: 192.168.0.12
RequestedURI: /cgi-bin/login.cgi
Potential user in danger: 
Potential user Sess ID: 
*****MALICIOUS PAYLOAD******
{"username":"ivo","password":"c:/WEB-INF\\web.xml"}
********************************************************************


[***]PREVENTED THREAT TYPE: MALICIOUS-bad paramater value(s)[***]
Method: POST
ReqTime: 02.05.2015-[22:06:38] 
QueryString: 
Connection: keep-alive
Host: www.localhost.local
Referer: http://www.localhost.local/index.html
UserAgent: Mozilla/5.0 (Windows NT 6.3; WOW64; rv:37.0) Gecko/20100101 Firefox/37.0
RemoteAddress: 192.168.0.12
RequestedURI: /cgi-bin/login.cgi
Potential user in danger: 
Potential user Sess ID: 
*****MALICIOUS PAYLOAD******
c:/etc/passwd
********************************************************************


[***]PREVENTED THREAT TYPE: JSON string invalid, broken structure[***]
Method: POST
ReqTime: 02.05.2015-[22:06:38] 
QueryString: 
Connection: keep-alive
Host: www.localhost.local
Referer: http://www.localhost.local/index.html
UserAgent: Mozilla/5.0 (Windows NT 6.3; WOW64; rv:37.0) Gecko/20100101 Firefox/37.0
RemoteAddress: 192.168.0.12
RequestedURI: /cgi-bin/login.cgi
Potential user in danger: 
Potential user Sess ID: 
*****MALICIOUS PAYLOAD******
{"username":"ivo","password":"c:/Windows\\system.ini"}
********************************************************************


[***]PREVENTED THREAT TYPE: MALICIOUS-bad paramater value(s)[***]
Method: POST
ReqTime: 02.05.2015-[22:06:38] 
QueryString: 
Connection: keep-alive
Host: www.localhost.local
Referer: http://www.localhost.local/index.html
UserAgent: Mozilla/5.0 (Windows NT 6.3; WOW64; rv:37.0) Gecko/20100101 Firefox/37.0
RemoteAddress: 192.168.0.12
RequestedURI: /cgi-bin/login.cgi
Potential user in danger: 
Potential user Sess ID: 
*****MALICIOUS PAYLOAD******
/../../../../../../../../../../../../../../../../../WEB-INF\web.xml
********************************************************************


[***]PREVENTED THREAT TYPE: MALICIOUS-bad paramater value(s)[***]
Method: POST
ReqTime: 02.05.2015-[22:06:38] 
QueryString: 
Connection: keep-alive
Host: www.localhost.local
Referer: http://www.localhost.local/index.html
UserAgent: Mozilla/5.0 (Windows NT 6.3; WOW64; rv:37.0) Gecko/20100101 Firefox/37.0
RemoteAddress: 192.168.0.12
RequestedURI: /cgi-bin/login.cgi
Potential user in danger: 
Potential user Sess ID: 
*****MALICIOUS PAYLOAD******
/../../../../../../../../../../../../../../../../../etc/passwd
********************************************************************


[***]PREVENTED THREAT TYPE: MALICIOUS-bad paramater value(s)[***]
Method: POST
ReqTime: 02.05.2015-[22:06:38] 
QueryString: 
Connection: keep-alive
Host: www.localhost.local
Referer: http://www.localhost.local/index.html
UserAgent: Mozilla/5.0 (Windows NT 6.3; WOW64; rv:37.0) Gecko/20100101 Firefox/37.0
RemoteAddress: 192.168.0.12
RequestedURI: /cgi-bin/login.cgi
Potential user in danger: 
Potential user Sess ID: 
*****MALICIOUS PAYLOAD******
/../../../../../../../../../../../../../../../../../Windows\system.ini
********************************************************************


[***]PREVENTED THREAT TYPE: JSON string invalid, broken structure[***]
Method: POST
ReqTime: 02.05.2015-[22:06:38] 
QueryString: 
Connection: keep-alive
Host: www.localhost.local
Referer: http://www.localhost.local/index.html
UserAgent: Mozilla/5.0 (Windows NT 6.3; WOW64; rv:37.0) Gecko/20100101 Firefox/37.0
RemoteAddress: 192.168.0.12
RequestedURI: /cgi-bin/login.cgi
Potential user in danger: 
Potential user Sess ID: 
*****MALICIOUS PAYLOAD******
{"username":"ivo","password":"\\..\\..\\..\\..\\..\\..\\..\\..\\..\\..\\..\\..\\..\\..\\..\\..\\..\\WEB-INF\\web.xml"}
********************************************************************


[***]PREVENTED THREAT TYPE: JSON string invalid, broken structure[***]
Method: POST
ReqTime: 02.05.2015-[22:06:38] 
QueryString: 
Connection: keep-alive
Host: www.localhost.local
Referer: http://www.localhost.local/index.html
UserAgent: Mozilla/5.0 (Windows NT 6.3; WOW64; rv:37.0) Gecko/20100101 Firefox/37.0
RemoteAddress: 192.168.0.12
RequestedURI: /cgi-bin/login.cgi
Potential user in danger: 
Potential user Sess ID: 
*****MALICIOUS PAYLOAD******
{"username":"ivo","password":"\\..\\..\\..\\..\\..\\..\\..\\..\\..\\..\\..\\..\\..\\..\\..\\..\\..\\etc/passwd"}
********************************************************************


[***]PREVENTED THREAT TYPE: JSON string invalid, broken structure[***]
Method: POST
ReqTime: 02.05.2015-[22:06:39] 
QueryString: 
Connection: keep-alive
Host: www.localhost.local
Referer: http://www.localhost.local/index.html
UserAgent: Mozilla/5.0 (Windows NT 6.3; WOW64; rv:37.0) Gecko/20100101 Firefox/37.0
RemoteAddress: 192.168.0.12
RequestedURI: /cgi-bin/login.cgi
Potential user in danger: 
Potential user Sess ID: 
*****MALICIOUS PAYLOAD******
{"username":"ivo","password":"\\..\\..\\..\\..\\..\\..\\..\\..\\..\\..\\..\\..\\..\\..\\..\\..\\..\\Windows\\system.ini"}
********************************************************************


[***]PREVENTED THREAT TYPE: MALICIOUS-bad paramater value(s)[***]
Method: POST
ReqTime: 02.05.2015-[22:06:39] 
QueryString: 
Connection: keep-alive
Host: www.localhost.local
Referer: http://www.localhost.local/index.html
UserAgent: Mozilla/5.0 (Windows NT 6.3; WOW64; rv:37.0) Gecko/20100101 Firefox/37.0
RemoteAddress: 192.168.0.12
RequestedURI: /cgi-bin/login.cgi
Potential user in danger: 
Potential user Sess ID: 
*****MALICIOUS PAYLOAD******
../../../../../../../../../../../../../../../../WEB-INF\web.xml
********************************************************************


[***]PREVENTED THREAT TYPE: MALICIOUS-bad paramater value(s)[***]
Method: POST
ReqTime: 02.05.2015-[22:06:39] 
QueryString: 
Connection: keep-alive
Host: www.localhost.local
Referer: http://www.localhost.local/index.html
UserAgent: Mozilla/5.0 (Windows NT 6.3; WOW64; rv:37.0) Gecko/20100101 Firefox/37.0
RemoteAddress: 192.168.0.12
RequestedURI: /cgi-bin/login.cgi
Potential user in danger: 
Potential user Sess ID: 
*****MALICIOUS PAYLOAD******
../../../../../../../../../../../../../../../../etc/passwd
********************************************************************


[***]PREVENTED THREAT TYPE: MALICIOUS-bad paramater value(s)[***]
Method: POST
ReqTime: 02.05.2015-[22:06:39] 
QueryString: 
Connection: keep-alive
Host: www.localhost.local
Referer: http://www.localhost.local/index.html
UserAgent: Mozilla/5.0 (Windows NT 6.3; WOW64; rv:37.0) Gecko/20100101 Firefox/37.0
RemoteAddress: 192.168.0.12
RequestedURI: /cgi-bin/login.cgi
Potential user in danger: 
Potential user Sess ID: 
*****MALICIOUS PAYLOAD******
../../../../../../../../../../../../../../../../Windows\system.ini
********************************************************************


[***]PREVENTED THREAT TYPE: JSON string invalid, broken structure[***]
Method: POST
ReqTime: 02.05.2015-[22:06:39] 
QueryString: 
Connection: keep-alive
Host: www.localhost.local
Referer: http://www.localhost.local/index.html
UserAgent: Mozilla/5.0 (Windows NT 6.3; WOW64; rv:37.0) Gecko/20100101 Firefox/37.0
RemoteAddress: 192.168.0.12
RequestedURI: /cgi-bin/login.cgi
Potential user in danger: 
Potential user Sess ID: 
*****MALICIOUS PAYLOAD******
{"username":"ivo","password":"..\\..\\..\\..\\..\\..\\..\\..\\..\\..\\..\\..\\..\\..\\..\\..\\WEB-INF\\web.xml"}
********************************************************************


[***]PREVENTED THREAT TYPE: JSON string invalid, broken structure[***]
Method: POST
ReqTime: 02.05.2015-[22:06:39] 
QueryString: 
Connection: keep-alive
Host: www.localhost.local
Referer: http://www.localhost.local/index.html
UserAgent: Mozilla/5.0 (Windows NT 6.3; WOW64; rv:37.0) Gecko/20100101 Firefox/37.0
RemoteAddress: 192.168.0.12
RequestedURI: /cgi-bin/login.cgi
Potential user in danger: 
Potential user Sess ID: 
*****MALICIOUS PAYLOAD******
{"username":"ivo","password":"..\\..\\..\\..\\..\\..\\..\\..\\..\\..\\..\\..\\..\\..\\..\\..\\etc/passwd"}
********************************************************************


[***]PREVENTED THREAT TYPE: JSON string invalid, broken structure[***]
Method: POST
ReqTime: 02.05.2015-[22:06:39] 
QueryString: 
Connection: keep-alive
Host: www.localhost.local
Referer: http://www.localhost.local/index.html
UserAgent: Mozilla/5.0 (Windows NT 6.3; WOW64; rv:37.0) Gecko/20100101 Firefox/37.0
RemoteAddress: 192.168.0.12
RequestedURI: /cgi-bin/login.cgi
Potential user in danger: 
Potential user Sess ID: 
*****MALICIOUS PAYLOAD******
{"username":"ivo","password":"..\\..\\..\\..\\..\\..\\..\\..\\..\\..\\..\\..\\..\\..\\..\\..\\Windows\\system.ini"}
********************************************************************


[***]PREVENTED THREAT TYPE: Malicious user agent value[***]
Method: POST
ReqTime: 02.05.2015-[22:06:39] 
QueryString: 
Connection: keep-alive
Host: www.localhost.local
Referer: http://www.localhost.local/index.html
UserAgent: /WEB-INF\web.xml
RemoteAddress: 192.168.0.12
RequestedURI: /cgi-bin/login.cgi
Potential user in danger: 
Potential user Sess ID: 
********************************************************************


[***]PREVENTED THREAT TYPE: Malicious user agent value[***]
Method: POST
ReqTime: 02.05.2015-[22:06:39] 
QueryString: 
Connection: keep-alive
Host: www.localhost.local
Referer: http://www.localhost.local/index.html
UserAgent: /etc/passwd
RemoteAddress: 192.168.0.12
RequestedURI: /cgi-bin/login.cgi
Potential user in danger: 
Potential user Sess ID: 
********************************************************************


[***]PREVENTED THREAT TYPE: Malicious user agent value[***]
Method: POST
ReqTime: 02.05.2015-[22:06:39] 
QueryString: 
Connection: keep-alive
Host: www.localhost.local
Referer: http://www.localhost.local/index.html
UserAgent: /Windows\system.ini
RemoteAddress: 192.168.0.12
RequestedURI: /cgi-bin/login.cgi
Potential user in danger: 
Potential user Sess ID: 
********************************************************************


[***]PREVENTED THREAT TYPE: Malicious user agent value[***]
Method: POST
ReqTime: 02.05.2015-[22:06:40] 
QueryString: 
Connection: keep-alive
Host: www.localhost.local
Referer: http://www.localhost.local/index.html
UserAgent: \WEB-INF\web.xml
RemoteAddress: 192.168.0.12
RequestedURI: /cgi-bin/login.cgi
Potential user in danger: 
Potential user Sess ID: 
********************************************************************


[***]PREVENTED THREAT TYPE: Malicious user agent value[***]
Method: POST
ReqTime: 02.05.2015-[22:06:40] 
QueryString: 
Connection: keep-alive
Host: www.localhost.local
Referer: http://www.localhost.local/index.html
UserAgent: \etc/passwd
RemoteAddress: 192.168.0.12
RequestedURI: /cgi-bin/login.cgi
Potential user in danger: 
Potential user Sess ID: 
********************************************************************


[***]PREVENTED THREAT TYPE: Malicious user agent value[***]
Method: POST
ReqTime: 02.05.2015-[22:06:40] 
QueryString: 
Connection: keep-alive
Host: www.localhost.local
Referer: http://www.localhost.local/index.html
UserAgent: \Windows\system.ini
RemoteAddress: 192.168.0.12
RequestedURI: /cgi-bin/login.cgi
Potential user in danger: 
Potential user Sess ID: 
********************************************************************


[***]PREVENTED THREAT TYPE: Malicious user agent value[***]
Method: POST
ReqTime: 02.05.2015-[22:06:40] 
QueryString: 
Connection: keep-alive
Host: www.localhost.local
Referer: http://www.localhost.local/index.html
UserAgent: c:\WEB-INF\web.xml
RemoteAddress: 192.168.0.12
RequestedURI: /cgi-bin/login.cgi
Potential user in danger: 
Potential user Sess ID: 
********************************************************************


[***]PREVENTED THREAT TYPE: Malicious user agent value[***]
Method: POST
ReqTime: 02.05.2015-[22:06:40] 
QueryString: 
Connection: keep-alive
Host: www.localhost.local
Referer: http://www.localhost.local/index.html
UserAgent: c:\etc/passwd
RemoteAddress: 192.168.0.12
RequestedURI: /cgi-bin/login.cgi
Potential user in danger: 
Potential user Sess ID: 
********************************************************************


[***]PREVENTED THREAT TYPE: Malicious user agent value[***]
Method: POST
ReqTime: 02.05.2015-[22:06:40] 
QueryString: 
Connection: keep-alive
Host: www.localhost.local
Referer: http://www.localhost.local/index.html
UserAgent: c:\Windows\system.ini
RemoteAddress: 192.168.0.12
RequestedURI: /cgi-bin/login.cgi
Potential user in danger: 
Potential user Sess ID: 
********************************************************************


[***]PREVENTED THREAT TYPE: Malicious user agent value[***]
Method: POST
ReqTime: 02.05.2015-[22:06:40] 
QueryString: 
Connection: keep-alive
Host: www.localhost.local
Referer: http://www.localhost.local/index.html
UserAgent: c:/WEB-INF\web.xml
RemoteAddress: 192.168.0.12
RequestedURI: /cgi-bin/login.cgi
Potential user in danger: 
Potential user Sess ID: 
********************************************************************


[***]PREVENTED THREAT TYPE: Malicious user agent value[***]
Method: POST
ReqTime: 02.05.2015-[22:06:40] 
QueryString: 
Connection: keep-alive
Host: www.localhost.local
Referer: http://www.localhost.local/index.html
UserAgent: c:/etc/passwd
RemoteAddress: 192.168.0.12
RequestedURI: /cgi-bin/login.cgi
Potential user in danger: 
Potential user Sess ID: 
********************************************************************


[***]PREVENTED THREAT TYPE: Malicious user agent value[***]
Method: POST
ReqTime: 02.05.2015-[22:06:40] 
QueryString: 
Connection: keep-alive
Host: www.localhost.local
Referer: http://www.localhost.local/index.html
UserAgent: c:/Windows\system.ini
RemoteAddress: 192.168.0.12
RequestedURI: /cgi-bin/login.cgi
Potential user in danger: 
Potential user Sess ID: 
********************************************************************


[***]PREVENTED THREAT TYPE: Malicious user agent value[***]
Method: POST
ReqTime: 02.05.2015-[22:06:40] 
QueryString: 
Connection: keep-alive
Host: www.localhost.local
Referer: http://www.localhost.local/index.html
UserAgent: /../../../../../../../../../../../../../../../../../WEB-INF\web.xml
RemoteAddress: 192.168.0.12
RequestedURI: /cgi-bin/login.cgi
Potential user in danger: 
Potential user Sess ID: 
********************************************************************


[***]PREVENTED THREAT TYPE: Malicious user agent value[***]
Method: POST
ReqTime: 02.05.2015-[22:06:40] 
QueryString: 
Connection: keep-alive
Host: www.localhost.local
Referer: http://www.localhost.local/index.html
UserAgent: /../../../../../../../../../../../../../../../../../etc/passwd
RemoteAddress: 192.168.0.12
RequestedURI: /cgi-bin/login.cgi
Potential user in danger: 
Potential user Sess ID: 
********************************************************************


[***]PREVENTED THREAT TYPE: Malicious user agent value[***]
Method: POST
ReqTime: 02.05.2015-[22:06:40] 
QueryString: 
Connection: keep-alive
Host: www.localhost.local
Referer: http://www.localhost.local/index.html
UserAgent: /../../../../../../../../../../../../../../../../../Windows\system.ini
RemoteAddress: 192.168.0.12
RequestedURI: /cgi-bin/login.cgi
Potential user in danger: 
Potential user Sess ID: 
********************************************************************


[***]PREVENTED THREAT TYPE: Malicious user agent value[***]
Method: POST
ReqTime: 02.05.2015-[22:06:40] 
QueryString: 
Connection: keep-alive
Host: www.localhost.local
Referer: http://www.localhost.local/index.html
UserAgent: \..\..\..\..\..\..\..\..\..\..\..\..\..\..\..\..\..\WEB-INF\web.xml
RemoteAddress: 192.168.0.12
RequestedURI: /cgi-bin/login.cgi
Potential user in danger: 
Potential user Sess ID: 
********************************************************************


[***]PREVENTED THREAT TYPE: Malicious user agent value[***]
Method: POST
ReqTime: 02.05.2015-[22:06:41] 
QueryString: 
Connection: keep-alive
Host: www.localhost.local
Referer: http://www.localhost.local/index.html
UserAgent: \..\..\..\..\..\..\..\..\..\..\..\..\..\..\..\..\..\etc/passwd
RemoteAddress: 192.168.0.12
RequestedURI: /cgi-bin/login.cgi
Potential user in danger: 
Potential user Sess ID: 
********************************************************************


[***]PREVENTED THREAT TYPE: Malicious user agent value[***]
Method: POST
ReqTime: 02.05.2015-[22:06:41] 
QueryString: 
Connection: keep-alive
Host: www.localhost.local
Referer: http://www.localhost.local/index.html
UserAgent: \..\..\..\..\..\..\..\..\..\..\..\..\..\..\..\..\..\Windows\system.ini
RemoteAddress: 192.168.0.12
RequestedURI: /cgi-bin/login.cgi
Potential user in danger: 
Potential user Sess ID: 
********************************************************************

